
============================================================
LIMPIEZA VECTA 12D - 2025-12-27 05:35:10
============================================================

📄 ELIMINADOS:
  [ARCHIVO] C:\Users\Rafael\Desktop\VECTA 12D Automatico\dimensiones\__pycache__\cargador_simplificado.cpython-313.pyc (2.0 KB)
  [ARCHIVO] C:\Users\Rafael\Desktop\VECTA 12D Automatico\dimensiones\__pycache__\dimension_base.cpython-313.pyc (6.2 KB)
  [ARCHIVO] C:\Users\Rafael\Desktop\VECTA 12D Automatico\dimensiones\__pycache__\dimension_12.cpython-313.pyc (2.4 KB)
  [ARCHIVO] C:\Users\Rafael\Desktop\VECTA 12D Automatico\dimensiones\__pycache__\dimension_11.cpython-313.pyc (2.4 KB)
  [ARCHIVO] C:\Users\Rafael\Desktop\VECTA 12D Automatico\dimensiones\__pycache__\dimension_10.cpython-313.pyc (2.4 KB)
  [ARCHIVO] C:\Users\Rafael\Desktop\VECTA 12D Automatico\dimensiones\__pycache__\dimension_7.cpython-313.pyc (2.4 KB)
  [ARCHIVO] C:\Users\Rafael\Desktop\VECTA 12D Automatico\dimensiones\__pycache__\dimension_9.cpython-313.pyc (2.4 KB)
  [ARCHIVO] C:\Users\Rafael\Desktop\VECTA 12D Automatico\dimensiones\__pycache__\dimension_3.cpython-313.pyc (7.8 KB)
  [ARCHIVO] C:\Users\Rafael\Desktop\VECTA 12D Automatico\dimensiones\__pycache__\dimension_8.cpython-313.pyc (2.4 KB)
  [ARCHIVO] C:\Users\Rafael\Desktop\VECTA 12D Automatico\dimensiones\__pycache__\dimension_4.cpython-313.pyc (2.4 KB)
  [ARCHIVO] C:\Users\Rafael\Desktop\VECTA 12D Automatico\dimensiones\__pycache__\dimension_2.cpython-313.pyc (8.4 KB)
  [ARCHIVO] C:\Users\Rafael\Desktop\VECTA 12D Automatico\dimensiones\__pycache__\dimension_1.cpython-313.pyc (4.8 KB)
  [ARCHIVO] C:\Users\Rafael\Desktop\VECTA 12D Automatico\dimensiones\__pycache__\dimension_5.cpython-313.pyc (2.4 KB)
  [ARCHIVO] C:\Users\Rafael\Desktop\VECTA 12D Automatico\dimensiones\__pycache__\dimension_6.cpython-313.pyc (2.4 KB)
  [ARCHIVO] C:\Users\Rafael\Desktop\VECTA 12D Automatico\dimensiones\__pycache__\vector_12d.cpython-313.pyc (22.1 KB)
  [ARCHIVO] C:\Users\Rafael\Desktop\VECTA 12D Automatico\__pycache__\auto_implementar_vecta.cpython-313.pyc (15.7 KB)
  [ARCHIVO] C:\Users\Rafael\Desktop\VECTA 12D Automatico\__pycache__\vecta_snapshot_system.cpython-313.pyc (11.2 KB)
  [ARCHIVO] C:\Users\Rafael\Desktop\VECTA 12D Automatico\dimensiones\__pycache__\__init__.cpython-313.pyc (2.0 KB)
  [ARCHIVO] C:\Users\Rafael\Desktop\VECTA 12D Automatico\core\__pycache__\config_manager.cpython-313.pyc (637.0 B)
  [ARCHIVO] C:\Users\Rafael\Desktop\VECTA 12D Automatico\core\__pycache__\vecta_12d_core.cpython-313.pyc (863.0 B)
  [ARCHIVO] C:\Users\Rafael\Desktop\VECTA 12D Automatico\core\__pycache__\meta_vecta.cpython-313.pyc (6.3 KB)
  [ARCHIVO] C:\Users\Rafael\Desktop\VECTA 12D Automatico\__pycache__\vecta_launcher.cpython-313.pyc (15.8 KB)
  [ARCHIVO] C:\Users\Rafael\Desktop\VECTA 12D Automatico\core\__pycache__\__init__.cpython-313.pyc (431.0 B)
  [CARPETA] C:\Users\Rafael\Desktop\VECTA 12D Automatico\dimensiones\__pycache__ (0.0 B)
  [CARPETA] C:\Users\Rafael\Desktop\VECTA 12D Automatico\core\__pycache__ (0.0 B)
  [CARPETA] C:\Users\Rafael\Desktop\VECTA 12D Automatico\__pycache__ (0.0 B)
  [CARPETA] C:\Users\Rafael\Desktop\VECTA 12D Automatico\chat_data\backups (0.0 B)

💾 ESPACIO LIBERADO: 252.3 KB
============================================================
